<?xml version="1.0" encoding="UTF-8"?>
<!-- Generated by org.testng.reporters.JUnitReportReporter -->
<testsuite skipped="0" hostname="MLBMYS-20334" name="pageObjectTestCases.TC01_Amazon" tests="1" failures="0" timestamp="08 Jun 2019 02:47:57 GMT" time="0.009" errors="0">
  <testcase name="amazonLogin" time="0.009" classname="pageObjectTestCases.TC01_Amazon"/>
</testsuite> <!-- pageObjectTestCases.TC01_Amazon -->
