<?xml version="1.0" encoding="UTF-8"?>
<!-- Generated by org.testng.reporters.JUnitReportReporter -->
<testsuite hostname="MLBMYS-12689" name="pageObjectTestCases.TC01Amazon" tests="1" failures="0" timestamp="7 Jun 2019 17:14:53 GMT" time="0.009" errors="0">
  <testcase name="f" time="0.009" classname="pageObjectTestCases.TC01Amazon"/>
</testsuite> <!-- pageObjectTestCases.TC01Amazon -->
